2025-06-25 10:30:21 [background-preinit] INFO  o.h.validator.internal.util.Version - HV000001: Hibernate Validator 8.0.2.Final
2025-06-25 10:30:21 [Test worker] INFO  c.u.i.m.MsAuthServiceApplicationTests - Starting MsAuthServiceApplicationTests using Java 17.0.10 with PID 25696 (started by User in C:\Users\User\OneDrive - SUPERTEC\Documentos\sistemas transaccionales\eventoco-api\ms_auth_service)
2025-06-25 10:30:21 [Test worker] INFO  c.u.i.m.MsAuthServiceApplicationTests - No active profile set, falling back to 1 default profile: "default"
2025-06-25 10:30:22 [Test worker] INFO  o.s.d.r.c.RepositoryConfigurationDelegate - Bootstrapping Spring Data JPA repositories in DEFAULT mode.
2025-06-25 10:30:22 [Test worker] INFO  o.s.d.r.c.RepositoryConfigurationDelegate - Finished Spring Data repository scanning in 106 ms. Found 1 JPA repository interface.
2025-06-25 10:30:23 [Test worker] INFO  com.zaxxer.hikari.HikariDataSource - HikariPool-1 - Starting...
2025-06-25 10:30:23 [Test worker] INFO  com.zaxxer.hikari.pool.HikariPool - HikariPool-1 - Added connection org.postgresql.jdbc.PgConnection@70421a08
2025-06-25 10:30:23 [Test worker] INFO  com.zaxxer.hikari.HikariDataSource - HikariPool-1 - Start completed.
2025-06-25 10:30:24 [Test worker] INFO  liquibase.database - Set default schema name to public
2025-06-25 10:30:24 [Test worker] INFO  liquibase.changelog - Creating database history table with name: public.databasechangelog
2025-06-25 10:30:24 [Test worker] INFO  liquibase.changelog - Reading from public.databasechangelog
2025-06-25 10:30:24 [Test worker] INFO  liquibase.lockservice - Successfully acquired change log lock
2025-06-25 10:30:24 [Test worker] INFO  liquibase.command - Using deploymentId: 0865424793
2025-06-25 10:30:24 [Test worker] INFO  liquibase.changelog - Reading from public.databasechangelog
2025-06-25 10:30:24 [Test worker] INFO  liquibase.ui - Running Changeset: db/changelog/db.changelog-master.yaml::1::moviesphere-devs
2025-06-25 10:30:24 [Test worker] INFO  liquibase.changelog - Table users created
2025-06-25 10:30:24 [Test worker] INFO  liquibase.changelog - ChangeSet db/changelog/db.changelog-master.yaml::1::moviesphere-devs ran successfully in 13ms
2025-06-25 10:30:24 [Test worker] INFO  liquibase.util - UPDATE SUMMARY
2025-06-25 10:30:24 [Test worker] INFO  liquibase.util - Run:                          1
2025-06-25 10:30:24 [Test worker] INFO  liquibase.util - Previously run:               0
2025-06-25 10:30:24 [Test worker] INFO  liquibase.util - Filtered out:                 0
2025-06-25 10:30:24 [Test worker] INFO  liquibase.util - -------------------------------
2025-06-25 10:30:24 [Test worker] INFO  liquibase.util - Total change sets:            1
2025-06-25 10:30:24 [Test worker] INFO  liquibase.util - Update summary generated
2025-06-25 10:30:24 [Test worker] INFO  liquibase.command - Update command completed successfully.
2025-06-25 10:30:24 [Test worker] INFO  liquibase.ui - Liquibase: Update has been successful. Rows affected: 1
2025-06-25 10:30:24 [Test worker] INFO  liquibase.lockservice - Successfully released change log lock
2025-06-25 10:30:24 [Test worker] INFO  liquibase.command - Command execution complete
2025-06-25 10:30:24 [Test worker] INFO  o.h.jpa.internal.util.LogHelper - HHH000204: Processing PersistenceUnitInfo [name: default]
2025-06-25 10:30:25 [Test worker] INFO  org.hibernate.Version - HHH000412: Hibernate ORM core version 6.6.13.Final
2025-06-25 10:30:25 [Test worker] INFO  o.h.c.i.RegionFactoryInitiator - HHH000026: Second-level cache disabled
2025-06-25 10:30:25 [Test worker] INFO  o.s.o.j.p.SpringPersistenceUnitInfo - No LoadTimeWeaver setup: ignoring JPA class transformer
2025-06-25 10:30:25 [Test worker] WARN  org.hibernate.orm.deprecation - HHH90000025: PostgreSQLDialect does not need to be specified explicitly using 'hibernate.dialect' (remove the property setting and it will be selected by default)
2025-06-25 10:30:25 [Test worker] INFO  o.hibernate.orm.connections.pooling - HHH10001005: Database info:
	Database JDBC URL [Connecting through datasource 'HikariDataSource (HikariPool-1)']
	Database driver: undefined/unknown
	Database version: 15.13
	Autocommit mode: undefined/unknown
	Isolation level: undefined/unknown
	Minimum pool size: undefined/unknown
	Maximum pool size: undefined/unknown
2025-06-25 10:30:26 [Test worker] INFO  o.h.e.t.j.p.i.JtaPlatformInitiator - HHH000489: No JTA platform available (set 'hibernate.transaction.jta.platform' to enable JTA platform integration)
2025-06-25 10:30:26 [Test worker] INFO  o.s.o.j.LocalContainerEntityManagerFactoryBean - Initialized JPA EntityManagerFactory for persistence unit 'default'
2025-06-25 10:30:27 [Test worker] WARN  o.s.b.a.o.j.JpaBaseConfiguration$JpaWebConfiguration - spring.jpa.open-in-view is enabled by default. Therefore, database queries may be performed during view rendering. Explicitly configure spring.jpa.open-in-view to disable this warning
2025-06-25 10:30:28 [Test worker] INFO  c.u.i.m.MsAuthServiceApplicationTests - Started MsAuthServiceApplicationTests in 8.011 seconds (process running for 67.47)
2025-06-25 10:30:30 [Test worker] INFO  c.u.i.m.services.AuthService - Intentando registrar usuario: existingUser
2025-06-25 10:30:30 [Test worker] WARN  c.u.i.m.services.AuthService - Intento de registrar usuario ya existente: existingUser
2025-06-25 10:30:30 [Test worker] INFO  c.u.i.m.services.AuthService - Intentando iniciar sesi贸n para: ghost
2025-06-25 10:30:30 [Test worker] ERROR c.u.i.m.services.AuthService - Usuario no encontrado en login: ghost
2025-06-25 10:30:30 [Test worker] INFO  c.u.i.m.services.AuthService - Intentando iniciar sesi贸n para: user
2025-06-25 10:30:30 [Test worker] ERROR c.u.i.m.services.AuthService - Fallo de autenticaci贸n para: user
2025-06-25 10:30:30 [Test worker] INFO  c.u.i.m.services.AuthService - Intentando iniciar sesi贸n para: user
2025-06-25 10:30:30 [Test worker] INFO  c.u.i.m.services.AuthService - Token generado exitosamente para: user
2025-06-25 10:30:30 [Test worker] INFO  c.u.i.m.services.AuthService - Intentando registrar usuario: newUser
2025-06-25 10:30:30 [Test worker] INFO  c.u.i.m.services.AuthService - Usuario registrado exitosamente: newUser
2025-06-25 10:30:30 [SpringApplicationShutdownHook] INFO  o.s.o.j.LocalContainerEntityManagerFactoryBean - Closing JPA EntityManagerFactory for persistence unit 'default'
2025-06-25 10:30:30 [SpringApplicationShutdownHook] INFO  com.zaxxer.hikari.HikariDataSource - HikariPool-1 - Shutdown initiated...
2025-06-25 10:30:30 [SpringApplicationShutdownHook] INFO  com.zaxxer.hikari.HikariDataSource - HikariPool-1 - Shutdown completed.
